mkdir: cannot create directory ‘/mnt/shared/scratch/zchen//Barcoding_km/SNP_salix’: File exists
mkdir: cannot create directory ‘/mnt/shared/scratch/zchen//Barcoding_km/SNP_salix/results’: File exists
mkdir: cannot create directory ‘/mnt/shared/scratch/zchen//Barcoding_km/SNP_salix/refs’: File exists
mkdir: cannot create directory ‘/mnt/shared/scratch/zchen//Barcoding_km/SNP_salix/results/ref_01_mummer’: File exists
mkdir: cannot create directory ‘/mnt/shared/scratch/zchen//Barcoding_km/SNP_salix/results/01_sorted_bam’: File exists
mkdir: cannot create directory ‘/mnt/shared/scratch/zchen//Barcoding_km/SNP_salix/results/01_sorted_bam/CIN’: File exists
mkdir: cannot create directory ‘/mnt/shared/scratch/zchen//Barcoding_km/SNP_salix/results/02_VCFs’: File exists
mkdir: cannot create directory ‘/mnt/shared/scratch/zchen//Barcoding_km/SNP_salix/results/02_VCFs/CIN’: File exists
mkdir: cannot create directory ‘/mnt/shared/scratch/zchen//Barcoding_km/SNP_salix/results/03_SNP_fasta’: File exists
mkdir: cannot create directory ‘/mnt/shared/scratch/zchen//Barcoding_km/SNP_salix/results/03_SNP_fasta/CIN160’: File exists
mkdir: cannot create directory ‘/mnt/shared/scratch/zchen//Barcoding_km/SNP_salix/results/03_SNP_fasta/CIN150’: File exists
mkdir: cannot create directory ‘/mnt/shared/scratch/zchen//Barcoding_km/SNP_salix/results/03_SNP_fasta/CIN140_160’: File exists
mkdir: cannot create directory ‘/mnt/shared/scratch/zchen//Barcoding_km/SNP_salix/results/03_SNP_fasta/CIN40_50’: File exists
mkdir: cannot create directory ‘/mnt/shared/scratch/zchen//Barcoding_km/SNP_salix/results/03_SNP_fasta/CIN160_renamed’: File exists
mkdir: cannot create directory ‘/mnt/shared/scratch/zchen//Barcoding_km/SNP_salix/results/03_SNP_fasta/CIN150_renamed’: File exists
mkdir: cannot create directory ‘/mnt/shared/scratch/zchen//Barcoding_km/SNP_salix/results/03_SNP_fasta/CIN140_160_renamed’: File exists
mkdir: cannot create directory ‘/mnt/shared/scratch/zchen//Barcoding_km/SNP_salix/results/03_SNP_fasta/CIN40_50_renamed’: File exists
mkdir: cannot create directory ‘/mnt/shared/scratch/zchen//Barcoding_km/SNP_salix/results/04_IQTREE’: File exists
mkdir: cannot create directory ‘/mnt/shared/scratch/zchen//Barcoding_km/SNP_salix/results/04_IQTREE/CIN160’: File exists
mkdir: cannot create directory ‘/mnt/shared/scratch/zchen//Barcoding_km/SNP_salix/results/04_IQTREE/CIN150’: File exists
mkdir: cannot create directory ‘/mnt/shared/scratch/zchen//Barcoding_km/SNP_salix/results/04_IQTREE/CIN140_160’: File exists
mkdir: cannot create directory ‘/mnt/shared/scratch/zchen//Barcoding_km/SNP_salix/results/05_ASTRAL’: File exists
mkdir: cannot create directory ‘/mnt/shared/scratch/zchen//Barcoding_km/SNP_salix/results/05_ASTRAL/CIN160’: File exists
mkdir: cannot create directory ‘/mnt/shared/scratch/zchen//Barcoding_km/SNP_salix/results/05_ASTRAL/CIN150’: File exists
mkdir: cannot create directory ‘/mnt/shared/scratch/zchen//Barcoding_km/SNP_salix/results/05_ASTRAL/CIN140_160’: File exists
running astral
rm: cannot remove '/mnt/shared/scratch/zchen//Barcoding_km/SNP_salix/results/05_ASTRAL/CIN140_160/rsl_2_genes.treefile': No such file or directory
S.herbacea_ can be resolved in a monophyletic group by only 0 genes
['gene_507', 'gene_437']
running astral
rm: cannot remove '/mnt/shared/scratch/zchen//Barcoding_km/SNP_salix/results/05_ASTRAL/CIN140_160/rsl_3_genes.treefile': No such file or directory
S.herbacea_ can be resolved in a monophyletic group by only 0 genes
['gene_507', 'gene_487', 'gene_120', 'gene_437']
running astral
rm: cannot remove '/mnt/shared/scratch/zchen//Barcoding_km/SNP_salix/results/05_ASTRAL/CIN140_160/rsl_4_genes.treefile': No such file or directory
S.herbacea_ can be resolved in a monophyletic group by only 0 genes
['gene_437', 'gene_107', 'gene_374', 'gene_507', 'gene_487', 'gene_120', 'gene_22']
